[html.ditsolution.net/drtheme/dreamhub/solar-company/shop.html]
[backblue.gif]
[fade.gif]
[index.html]
[html.ditsolution.net/drtheme/dreamhub/solar-company/assets/images/fav-icon/icon.png]
[html.ditsolution.net/drtheme/dreamhub/solar-company/assets/css/owl.carousel.min.css]
[html.ditsolution.net/drtheme/dreamhub/solar-company/assets/css/bootstrap.min.css]
[html.ditsolution.net/drtheme/dreamhub/solar-company/assets/css/animate.css]
[html.ditsolution.net/drtheme/dreamhub/solar-company/assets/css/animated-text.css]
[html.ditsolution.net/drtheme/dreamhub/solar-company/assets/css/all.min.css]
[html.ditsolution.net/drtheme/dreamhub/solar-company/assets/css/flaticon.css]
[html.ditsolution.net/drtheme/dreamhub/solar-company/assets/css/theme-default.css]
[html.ditsolution.net/drtheme/dreamhub/solar-company/assets/css/meanmenu.min.css]
[html.ditsolution.net/drtheme/dreamhub/solar-company/style.css]
[html.ditsolution.net/drtheme/dreamhub/solar-company/assets/css/owl.transitions.css]
[html.ditsolution.net/drtheme/dreamhub/solar-company/venobox/venobox.css]
[html.ditsolution.net/drtheme/dreamhub/solar-company/assets/css/progresscircle.css]
[html.ditsolution.net/drtheme/dreamhub/solar-company/assets/css/responsive.css]
[html.ditsolution.net/drtheme/dreamhub/solar-company/assets/js/vendor/modernizr-3.5.0.min.js]
[cdn.jsdelivr.net/npm/bootstrap-icons@1.9.1/font/bootstrap-icons.css]
[html.ditsolution.net/drtheme/dreamhub/solar-company/index.html]
[html.ditsolution.net/drtheme/dreamhub/solar-company/assets/images/header-logo.png]
[html.ditsolution.net/drtheme/dreamhub/solar-company/about.html]
[html.ditsolution.net/drtheme/dreamhub/solar-company/service.html]
[html.ditsolution.net/drtheme/dreamhub/solar-company/service-details.html]
[html.ditsolution.net/drtheme/dreamhub/solar-company/project.html]
[html.ditsolution.net/drtheme/dreamhub/solar-company/Project-details.html]
[html.ditsolution.net/drtheme/dreamhub/solar-company/history.html]
[html.ditsolution.net/drtheme/dreamhub/solar-company/team.html]
[html.ditsolution.net/drtheme/dreamhub/solar-company/faqs.html]
[html.ditsolution.net/drtheme/dreamhub/solar-company/shop-details.html]
[html.ditsolution.net/drtheme/dreamhub/solar-company/blog-grid.html]
[html.ditsolution.net/drtheme/dreamhub/solar-company/blog-list.html]
[html.ditsolution.net/drtheme/dreamhub/solar-company/blog-2column.html]
[html.ditsolution.net/drtheme/dreamhub/solar-company/blog-details.html]
[html.ditsolution.net/drtheme/dreamhub/solar-company/contact.html]
[html.ditsolution.net/drtheme/dreamhub/solar-company/project-details-2.html]
[html.ditsolution.net/drtheme/dreamhub/solar-company/assets/images/prdct1.jpg]
[html.ditsolution.net/drtheme/dreamhub/solar-company/assets/images/prdct2.jpg]
[html.ditsolution.net/drtheme/dreamhub/solar-company/assets/images/prdct3.jpg]
[html.ditsolution.net/drtheme/dreamhub/solar-company/assets/images/prdct4.jpg]
[html.ditsolution.net/drtheme/dreamhub/solar-company/assets/images/shop1.jpg]
[html.ditsolution.net/drtheme/dreamhub/solar-company/cart.html]
[html.ditsolution.net/drtheme/dreamhub/solar-company/assets/images/shop2.jpg]
[html.ditsolution.net/drtheme/dreamhub/solar-company/assets/images/shop3.jpg]
[html.ditsolution.net/drtheme/dreamhub/solar-company/assets/images/shop4.jpg]
[html.ditsolution.net/drtheme/dreamhub/solar-company/assets/images/shop5.jpg]
[html.ditsolution.net/drtheme/dreamhub/solar-company/assets/images/shop6.jpg]
[html.ditsolution.net/drtheme/dreamhub/solar-company/assets/images/shop7.jpg]
[html.ditsolution.net/drtheme/dreamhub/solar-company/assets/images/shop8.jpg]
[html.ditsolution.net/drtheme/dreamhub/solar-company/assets/images/shop9.jpg]
[html.ditsolution.net/drtheme/dreamhub/solar-company/assets/images/shop10.jpg]
[html.ditsolution.net/drtheme/dreamhub/solar-company/assets/images/shop11.jpg]
[html.ditsolution.net/drtheme/dreamhub/solar-company/assets/images/shop12.jpg]
[html.ditsolution.net/drtheme/dreamhub/solar-company/assets/images/footer-logo.png]
[html.ditsolution.net/drtheme/dreamhub/solar-company/assets/js/vendor/jquery-3.6.2.min.js]
[html.ditsolution.net/drtheme/dreamhub/solar-company/assets/js/bootstrap.min.js]
[html.ditsolution.net/drtheme/dreamhub/solar-company/assets/js/owl.carousel.min.js]
[html.ditsolution.net/drtheme/dreamhub/solar-company/assets/js/jquery.counterup.min.js]
[html.ditsolution.net/drtheme/dreamhub/solar-company/assets/js/waypoints.min.js]
[html.ditsolution.net/drtheme/dreamhub/solar-company/assets/js/wow.js]
[html.ditsolution.net/drtheme/dreamhub/solar-company/assets/js/imagesloaded.pkgd.min.js]
[html.ditsolution.net/drtheme/dreamhub/solar-company/venobox/venobox.js]
[html.ditsolution.net/drtheme/dreamhub/solar-company/assets/js/animated-text.js]
[html.ditsolution.net/drtheme/dreamhub/solar-company/venobox/venobox.min.js]
[html.ditsolution.net/drtheme/dreamhub/solar-company/assets/js/isotope.pkgd.min.js]
[html.ditsolution.net/drtheme/dreamhub/solar-company/assets/js/ajax-mail.js]
[html.ditsolution.net/drtheme/dreamhub/solar-company/assets/js/jquery.meanmenu.js]
[html.ditsolution.net/drtheme/dreamhub/solar-company/assets/js/jquery.scrollUp.js]
[html.ditsolution.net/drtheme/dreamhub/solar-company/assets/js/theme.js]
[html.ditsolution.net/drtheme/dreamhub/solar-company/assets/js/jquery.barfiller.js]
[html.ditsolution.net/drtheme/dreamhub/solar-company/assets/js/progresscircle.js]
[html.ditsolution.net/drtheme/dreamhub/solar-company/shop.html]
[html.ditsolution.net/drtheme/dreamhub/solar-company/assets/css/bootstrap.min.css]
[html.ditsolution.net/drtheme/dreamhub/solar-company/assets/css/owl.video.play.png]
[html.ditsolution.net/drtheme/dreamhub/solar-company/assets/css/owl.carousel.min.css]
[html.ditsolution.net/drtheme/dreamhub/solar-company/assets/css/animate.css]
[html.ditsolution.net/drtheme/dreamhub/solar-company/assets/css/animated-text.css]
[html.ditsolution.net/drtheme/dreamhub/solar-company/assets/webfonts/fa-brands-400.eot]
[html.ditsolution.net/drtheme/dreamhub/solar-company/assets/webfonts/fa-brands-400d41d.eot]
[html.ditsolution.net/drtheme/dreamhub/solar-company/assets/webfonts/fa-brands-400.woff2]
[html.ditsolution.net/drtheme/dreamhub/solar-company/assets/webfonts/fa-brands-400.woff]
[html.ditsolution.net/drtheme/dreamhub/solar-company/assets/webfonts/fa-brands-400.ttf]
[html.ditsolution.net/drtheme/dreamhub/solar-company/assets/webfonts/fa-regular-400.eot]
[html.ditsolution.net/drtheme/dreamhub/solar-company/assets/webfonts/fa-regular-400d41d.eot]
[html.ditsolution.net/drtheme/dreamhub/solar-company/assets/webfonts/fa-brands-400.svg]
[html.ditsolution.net/drtheme/dreamhub/solar-company/assets/webfonts/fa-regular-400.woff2]
[html.ditsolution.net/drtheme/dreamhub/solar-company/assets/webfonts/fa-regular-400.woff]
[html.ditsolution.net/drtheme/dreamhub/solar-company/assets/webfonts/fa-regular-400.ttf]
[html.ditsolution.net/drtheme/dreamhub/solar-company/assets/webfonts/fa-regular-400.svg]
[html.ditsolution.net/drtheme/dreamhub/solar-company/assets/webfonts/fa-solid-900.eot]
[html.ditsolution.net/drtheme/dreamhub/solar-company/assets/webfonts/fa-solid-900d41d.eot]
[html.ditsolution.net/drtheme/dreamhub/solar-company/assets/webfonts/fa-solid-900.woff2]
[html.ditsolution.net/drtheme/dreamhub/solar-company/assets/webfonts/fa-solid-900.woff]
[html.ditsolution.net/drtheme/dreamhub/solar-company/assets/webfonts/fa-solid-900.ttf]
[html.ditsolution.net/drtheme/dreamhub/solar-company/assets/css/all.min.css]
[html.ditsolution.net/drtheme/dreamhub/solar-company/assets/webfonts/fa-solid-900.svg]
[html.ditsolution.net/drtheme/dreamhub/solar-company/assets/fonts/flaticon-set-logisticse381e381.ttf]
[html.ditsolution.net/drtheme/dreamhub/solar-company/assets/fonts/flaticon-set-logisticse381e381.woff]
[html.ditsolution.net/drtheme/dreamhub/solar-company/assets/fonts/flaticon-set-logisticse381e381.woff2]
[html.ditsolution.net/drtheme/dreamhub/solar-company/assets/fonts/flaticon-set-logisticse381e381.eot]
[html.ditsolution.net/drtheme/dreamhub/solar-company/assets/css/flaticon.css]
[html.ditsolution.net/drtheme/dreamhub/solar-company/assets/css/theme-default.css]
[html.ditsolution.net/drtheme/dreamhub/solar-company/assets/css/meanmenu.min.css]
[html.ditsolution.net/drtheme/dreamhub/solar-company/assets/images/hero-bg.png]
[html.ditsolution.net/drtheme/dreamhub/solar-company/assets/fonts/flaticon-set-logisticse381e381.svg]
[html.ditsolution.net/drtheme/dreamhub/solar-company/assets/images/skill-bg.jpg]
[html.ditsolution.net/drtheme/dreamhub/solar-company/assets/images/call-do-bg.jpg]
[html.ditsolution.net/drtheme/dreamhub/solar-company/assets/images/teasti-bg.jpg]
[html.ditsolution.net/drtheme/dreamhub/solar-company/assets/images/bradcumb-bg.jpg]
[html.ditsolution.net/drtheme/dreamhub/solar-company/assets/images/counter-bg.jpg]
[html.ditsolution.net/drtheme/dreamhub/solar-company/assets/images/sidebar-bg.jpg]
[html.ditsolution.net/drtheme/dreamhub/images/resource/serv-dtls-bg.jpg]
[html.ditsolution.net/drtheme/dreamhub/solar-company/style.css]
[html.ditsolution.net/drtheme/dreamhub/solar-company/assets/css/owl.transitions.css]
[html.ditsolution.net/drtheme/dreamhub/solar-company/venobox/preload-circle.png]
[html.ditsolution.net/drtheme/dreamhub/solar-company/venobox/close.gif]
[html.ditsolution.net/drtheme/dreamhub/solar-company/venobox/prev.gif]
[html.ditsolution.net/drtheme/dreamhub/solar-company/venobox/next.gif]
[html.ditsolution.net/drtheme/dreamhub/solar-company/venobox/venobox.css]
[html.ditsolution.net/drtheme/dreamhub/solar-company/assets/css/progresscircle.css]
[html.ditsolution.net/drtheme/dreamhub/solar-company/assets/css/responsive.css]
[html.ditsolution.net/drtheme/dreamhub/solar-company/assets/js/vendor/modernizr-3.5.0.min.js]
[cdn.jsdelivr.net/npm/bootstrap-icons@1.9.1/font/fonts/bootstrap-iconsd862.woff2]
[cdn.jsdelivr.net/npm/bootstrap-icons@1.9.1/font/fonts/bootstrap-iconsd862.woff]
[cdn.jsdelivr.net/npm/bootstrap-icons@1.9.1/font/bootstrap-icons.css]
[html.ditsolution.net/drtheme/dreamhub/solar-company/assets/images/faeture-icon1.png]
[html.ditsolution.net/drtheme/dreamhub/solar-company/assets/images/faeture-icon2.png]
[html.ditsolution.net/drtheme/dreamhub/solar-company/assets/images/faeture-icon3.png]
[html.ditsolution.net/drtheme/dreamhub/solar-company/assets/images/about-imgs.png]
[html.ditsolution.net/drtheme/dreamhub/solar-company/assets/images/about-shape.png]
[html.ditsolution.net/drtheme/dreamhub/solar-company/assets/images/about-icon1.png]
[html.ditsolution.net/drtheme/dreamhub/solar-company/assets/images/about-icon2.png]
[html.ditsolution.net/drtheme/dreamhub/solar-company/assets/images/service-icon1.png]
[html.ditsolution.net/drtheme/dreamhub/solar-company/assets/images/service-icon2.png]
[html.ditsolution.net/drtheme/dreamhub/solar-company/assets/images/service-icon3.png]
[html.ditsolution.net/drtheme/dreamhub/solar-company/assets/images/service-icon4.png]
[html.ditsolution.net/drtheme/dreamhub/solar-company/assets/images/project-imgs1.jpg]
[html.ditsolution.net/drtheme/dreamhub/solar-company/assets/images/project-imgs2.jpg]
[html.ditsolution.net/drtheme/dreamhub/solar-company/assets/images/project-imgs3.jpg]
[html.ditsolution.net/drtheme/dreamhub/solar-company/assets/images/project-imgs4.jpg]
[html.ditsolution.net/drtheme/dreamhub/solar-company/assets/images/project-imgs5.jpg]
[html.ditsolution.net/drtheme/dreamhub/solar-company/assets/images/project-imgs6.jpg]
[html.ditsolution.net/drtheme/dreamhub/solar-company/assets/images/call-icon.png]
[html.ditsolution.net/drtheme/dreamhub/solar-company/assets/images/teasti-thumb.jpg]
[html.ditsolution.net/drtheme/dreamhub/solar-company/assets/images/testi-quote-icon.png]
[html.ditsolution.net/drtheme/dreamhub/solar-company/assets/images/testi-imgs2.png]
[html.ditsolution.net/drtheme/dreamhub/solar-company/assets/images/team1.jpg]
[html.ditsolution.net/drtheme/dreamhub/solar-company/assets/images/team2.jpg]
[html.ditsolution.net/drtheme/dreamhub/solar-company/assets/images/team3.jpg]
[html.ditsolution.net/drtheme/dreamhub/solar-company/assets/images/team4.jpg]
[html.ditsolution.net/drtheme/dreamhub/solar-company/assets/images/blog1.jpg]
[html.ditsolution.net/drtheme/dreamhub/solar-company/assets/images/blog2.jpg]
[html.ditsolution.net/drtheme/dreamhub/solar-company/assets/images/blog3.jpg]
[html.ditsolution.net/drtheme/dreamhub/solar-company/index.html]
[html.ditsolution.net/drtheme/dreamhub/solar-company/about.html]
[html.ditsolution.net/drtheme/dreamhub/solar-company/service.html]
[html.ditsolution.net/drtheme/dreamhub/solar-company/assets/images/sidbar-logo.png]
[html.ditsolution.net/drtheme/dreamhub/solar-company/assets/images/servc-dtls-img.jpg]
[html.ditsolution.net/drtheme/dreamhub/solar-company/assets/images/dtls-img.jpg]
[html.ditsolution.net/drtheme/dreamhub/solar-company/assets/images/dtls-img2.jpg]
[html.ditsolution.net/drtheme/dreamhub/solar-company/service-details.html]
[html.ditsolution.net/drtheme/dreamhub/solar-company/project.html]
[html.ditsolution.net/drtheme/dreamhub/solar-company/Project-details.html]
[html.ditsolution.net/drtheme/dreamhub/solar-company/assets/images/history-1.jpg]
[html.ditsolution.net/drtheme/dreamhub/solar-company/assets/images/history-2.jpg]
[html.ditsolution.net/drtheme/dreamhub/solar-company/assets/images/history-3.jpg]
[html.ditsolution.net/drtheme/dreamhub/solar-company/assets/images/history-4.jpg]
[html.ditsolution.net/drtheme/dreamhub/solar-company/history.html]
[html.ditsolution.net/drtheme/dreamhub/solar-company/team.html]
[html.ditsolution.net/drtheme/dreamhub/solar-company/faqs.html]
[html.ditsolution.net/drtheme/dreamhub/solar-company/shop-details.html]
[html.ditsolution.net/drtheme/dreamhub/solar-company/blog-grid.html]
[html.ditsolution.net/drtheme/dreamhub/solar-company/assets/images/blog-list1.jpg]
[html.ditsolution.net/drtheme/dreamhub/solar-company/assets/images/blog-list2.jpg]
[html.ditsolution.net/drtheme/dreamhub/solar-company/assets/images/blog-list3.jpg]
[html.ditsolution.net/drtheme/dreamhub/solar-company/assets/images/blog-list4.jpg]
[html.ditsolution.net/drtheme/dreamhub/solar-company/assets/images/blog-list5.jpg]
[html.ditsolution.net/drtheme/dreamhub/solar-company/assets/images/popular1.jpg]
[html.ditsolution.net/drtheme/dreamhub/solar-company/assets/images/popular2.jpg]
[html.ditsolution.net/drtheme/dreamhub/solar-company/assets/images/popular3.jpg]
[html.ditsolution.net/drtheme/dreamhub/solar-company/blog-list.html]
[html.ditsolution.net/drtheme/dreamhub/solar-company/blog-2column.html]
[html.ditsolution.net/drtheme/dreamhub/solar-company/blog-list-2.html]
[html.ditsolution.net/drtheme/dreamhub/solar-company/assets/images/blogs1.jpg]
[html.ditsolution.net/drtheme/dreamhub/solar-company/assets/images/quote-1.jpg]
[html.ditsolution.net/drtheme/dreamhub/solar-company/assets/images/blog-dtls.jpg]
[html.ditsolution.net/drtheme/dreamhub/solar-company/assets/images/blog-dtls2.jpg]
[html.ditsolution.net/drtheme/dreamhub/solar-company/assets/images/comnt-pl.png]
[html.ditsolution.net/drtheme/dreamhub/solar-company/assets/images/comnt-pl2.png]
[html.ditsolution.net/drtheme/dreamhub/solar-company/blog-details.html]
[html.ditsolution.net/drtheme/dreamhub/solar-company/assets/images/contact-thumb.jpg]
[html.ditsolution.net/drtheme/dreamhub/solar-company/contact.html]
[html.ditsolution.net/drtheme/dreamhub/solar-company/assets/images/portfolio-details.jpg]
[html.ditsolution.net/drtheme/dreamhub/solar-company/project-details-2.html]
[html.ditsolution.net/drtheme/dreamhub/solar-company/cart.html]
[html.ditsolution.net/drtheme/dreamhub/solar-company/assets/js/vendor/jquery-3.6.2.min.js]
[html.ditsolution.net/drtheme/dreamhub/solar-company/popper.js]
[html.ditsolution.net/drtheme/dreamhub/solar-company/assets/js/bootstrap.min.js]
[html.ditsolution.net/drtheme/dreamhub/solar-company/assets/js/owl.carousel.min.js]
[html.ditsolution.net/drtheme/dreamhub/solar-company/assets/js/jquery.counterup.min.js]
[html.ditsolution.net/drtheme/dreamhub/solar-company/assets/js/waypoints.min.js]
[html.ditsolution.net/drtheme/dreamhub/solar-company/assets/js/wow.js]
[html.ditsolution.net/drtheme/dreamhub/solar-company/assets/js/imagesloaded.pkgd.min.js]
[html.ditsolution.net/drtheme/dreamhub/solar-company/venobox/venobox.js]
[html.ditsolution.net/drtheme/dreamhub/solar-company/assets/js/animated-text.js]
[html.ditsolution.net/drtheme/dreamhub/solar-company/venobox/venobox.min.js]
[html.ditsolution.net/drtheme/dreamhub/solar-company/assets/js/isotope.pkgd.min.js]
[html.ditsolution.net/drtheme/dreamhub/solar-company/assets/js/ajax-mail.js]
[html.ditsolution.net/drtheme/dreamhub/solar-company/assets/js/jquery.meanmenu.js]
[html.ditsolution.net/drtheme/dreamhub/solar-company/assets/js/jquery.scrollUp.js]
[html.ditsolution.net/drtheme/dreamhub/solar-company/assets/js/theme.js]
[html.ditsolution.net/drtheme/dreamhub/solar-company/assets/js/jquery.barfiller.js]
[html.ditsolution.net/drtheme/dreamhub/solar-company/assets/js/progresscircle.js]
[html.ditsolution.net/drtheme/dreamhub/solar-company/assets/css/owl.video.play.html]
[html.ditsolution.net/drtheme/dreamhub/solar-company/assets/webfonts/fa-brands-400.svg]
[html.ditsolution.net/drtheme/dreamhub/solar-company/assets/webfonts/fa-regular-400.svg]
[html.ditsolution.net/drtheme/dreamhub/solar-company/assets/webfonts/fa-solid-900.svg]
[html.ditsolution.net/drtheme/dreamhub/solar-company/assets/fonts/flaticon-set-logisticse381e381.svg]
[html.ditsolution.net/drtheme/dreamhub/images/resource/serv-dtls-bg.html]
[html.ditsolution.net/drtheme/dreamhub/solar-company/assets/images/blog-list6.jpg]
[html.ditsolution.net/drtheme/dreamhub/solar-company/assets/images/blog-list7.jpg]
[html.ditsolution.net/drtheme/dreamhub/solar-company/assets/images/blog-list8.jpg]
[html.ditsolution.net/drtheme/dreamhub/solar-company/assets/images/blog-list9.jpg]
[html.ditsolution.net/drtheme/dreamhub/solar-company/assets/images/blog-list10.jpg]
[html.ditsolution.net/drtheme/dreamhub/solar-company/blog-list-2.html]
[html.ditsolution.net/drtheme/dreamhub/solar-company/popper.html]
